INFO  | 2021-06-09 13:51:50 | [main] driver.BankApp (BankApp.java:23) - Program Started
INFO  | 2021-06-09 13:53:19 | [main] driver.BankApp (BankApp.java:23) - Program Started
INFO  | 2021-06-09 13:53:30 | [main] driver.BankApp (BankApp.java:32) - User logged in
INFO  | 2021-06-09 13:53:41 | [main] services.AccountServiceImpl (AccountServiceImpl.java:67) - Customer tried to waithdraw more than account has
INFO  | 2021-06-09 14:00:48 | [main] driver.BankApp (BankApp.java:23) - Program Started
INFO  | 2021-06-09 14:01:09 | [main] driver.BankApp (BankApp.java:32) - User logged in
INFO  | 2021-06-09 14:26:31 | [main] driver.BankApp (BankApp.java:23) - Program Started
INFO  | 2021-06-09 14:26:35 | [main] services.TransactionServiceImpl (TransactionServiceImpl.java:15) - Transaction added to database
INFO  | 2021-06-09 14:26:35 | [main] driver.BankApp (BankApp.java:32) - User logged in
INFO  | 2021-06-09 14:26:50 | [main] services.TransactionServiceImpl (TransactionServiceImpl.java:15) - Transaction added to database
INFO  | 2021-06-09 14:26:50 | [main] services.TransactionServiceImpl (TransactionServiceImpl.java:15) - Transaction added to database
INFO  | 2021-06-09 14:26:50 | [main] services.TransactionServiceImpl (TransactionServiceImpl.java:15) - Transaction added to database
INFO  | 2021-06-09 14:27:56 | [main] driver.BankApp (BankApp.java:23) - Program Started
INFO  | 2021-06-09 14:28:01 | [main] services.TransactionServiceImpl (TransactionServiceImpl.java:15) - Transaction added to database
INFO  | 2021-06-09 14:28:01 | [main] driver.BankApp (BankApp.java:32) - User logged in
INFO  | 2021-06-09 14:28:14 | [main] services.TransactionServiceImpl (TransactionServiceImpl.java:15) - Transaction added to database
INFO  | 2021-06-09 14:28:14 | [main] services.TransactionServiceImpl (TransactionServiceImpl.java:15) - Transaction added to database
INFO  | 2021-06-09 14:28:14 | [main] services.TransactionServiceImpl (TransactionServiceImpl.java:15) - Transaction added to database
INFO  | 2021-06-09 14:28:46 | [main] driver.BankApp (BankApp.java:23) - Program Started
INFO  | 2021-06-09 14:28:52 | [main] services.TransactionServiceImpl (TransactionServiceImpl.java:15) - Transaction added to database
INFO  | 2021-06-09 14:28:52 | [main] driver.BankApp (BankApp.java:32) - User logged in
INFO  | 2021-06-09 14:28:56 | [main] services.TransactionServiceImpl (TransactionServiceImpl.java:15) - Transaction added to database
INFO  | 2021-06-09 14:29:11 | [main] services.AccountServiceImpl (AccountServiceImpl.java:67) - Customer tried to waithdraw more than account has
INFO  | 2021-06-09 14:29:11 | [main] services.TransactionServiceImpl (TransactionServiceImpl.java:15) - Transaction added to database
INFO  | 2021-06-09 14:29:11 | [main] services.TransactionServiceImpl (TransactionServiceImpl.java:15) - Transaction added to database
INFO  | 2021-06-09 14:30:31 | [main] driver.BankApp (BankApp.java:23) - Program Started
INFO  | 2021-06-09 14:30:36 | [main] services.TransactionServiceImpl (TransactionServiceImpl.java:15) - Transaction added to database
INFO  | 2021-06-09 14:30:36 | [main] driver.BankApp (BankApp.java:32) - User logged in
INFO  | 2021-06-09 14:30:48 | [main] services.AccountServiceImpl (AccountServiceImpl.java:67) - Customer tried to waithdraw more than account has
INFO  | 2021-06-09 14:31:05 | [main] services.TransactionServiceImpl (TransactionServiceImpl.java:15) - Transaction added to database
INFO  | 2021-06-09 14:31:05 | [main] services.TransactionServiceImpl (TransactionServiceImpl.java:15) - Transaction added to database
INFO  | 2021-06-09 14:31:05 | [main] services.TransactionServiceImpl (TransactionServiceImpl.java:15) - Transaction added to database
INFO  | 2021-06-09 14:31:15 | [main] services.TransactionServiceImpl (TransactionServiceImpl.java:15) - Transaction added to database
INFO  | 2021-06-09 14:31:22 | [main] services.AccountServiceImpl (AccountServiceImpl.java:67) - Customer tried to waithdraw more than account has
INFO  | 2021-06-09 14:31:32 | [main] services.TransactionServiceImpl (TransactionServiceImpl.java:15) - Transaction added to database
INFO  | 2021-06-09 14:31:46 | [main] services.AccountServiceImpl (AccountServiceImpl.java:67) - Customer tried to waithdraw more than account has
INFO  | 2021-06-09 14:32:12 | [main] services.AccountServiceImpl (AccountServiceImpl.java:67) - Customer tried to waithdraw more than account has
INFO  | 2021-06-09 14:32:26 | [main] services.TransactionServiceImpl (TransactionServiceImpl.java:15) - Transaction added to database
INFO  | 2021-06-09 14:32:35 | [main] services.TransactionServiceImpl (TransactionServiceImpl.java:15) - Transaction added to database
INFO  | 2021-06-09 14:32:36 | [main] services.TransactionServiceImpl (TransactionServiceImpl.java:15) - Transaction added to database
INFO  | 2021-06-09 14:32:36 | [main] services.TransactionServiceImpl (TransactionServiceImpl.java:15) - Transaction added to database
INFO  | 2021-06-09 16:09:10 | [main] driver.BankApp (BankApp.java:23) - Program Started
INFO  | 2021-06-09 16:40:47 | [main] driver.BankApp (BankApp.java:23) - Program Started
INFO  | 2021-06-09 16:42:42 | [main] driver.BankApp (BankApp.java:23) - Program Started
INFO  | 2021-06-09 16:43:58 | [main] driver.BankApp (BankApp.java:23) - Program Started
INFO  | 2021-06-09 16:46:11 | [main] driver.BankApp (BankApp.java:23) - Program Started
INFO  | 2021-06-10 07:50:26 | [main] driver.BankApp (BankApp.java:23) - Program Started
INFO  | 2021-06-10 07:53:03 | [main] driver.BankApp (BankApp.java:23) - Program Started
INFO  | 2021-06-10 07:53:09 | [main] services.TransactionServiceImpl (TransactionServiceImpl.java:15) - Transaction added to database
INFO  | 2021-06-10 07:53:09 | [main] driver.BankApp (BankApp.java:37) - User logged in
INFO  | 2021-06-10 07:53:13 | [main] services.TransactionServiceImpl (TransactionServiceImpl.java:15) - Transaction added to database
INFO  | 2021-06-10 07:53:30 | [main] services.TransactionServiceImpl (TransactionServiceImpl.java:15) - Transaction added to database
INFO  | 2021-06-10 07:53:53 | [main] driver.BankApp (BankApp.java:23) - Program Started
INFO  | 2021-06-10 07:53:59 | [main] services.TransactionServiceImpl (TransactionServiceImpl.java:15) - Transaction added to database
INFO  | 2021-06-10 07:53:59 | [main] driver.BankApp (BankApp.java:37) - User logged in
INFO  | 2021-06-10 07:54:10 | [main] services.TransactionServiceImpl (TransactionServiceImpl.java:15) - Transaction added to database
INFO  | 2021-06-10 07:55:05 | [main] driver.BankApp (BankApp.java:23) - Program Started
INFO  | 2021-06-10 07:55:14 | [main] services.TransactionServiceImpl (TransactionServiceImpl.java:15) - Transaction added to database
INFO  | 2021-06-10 07:55:14 | [main] driver.BankApp (BankApp.java:37) - User logged in
INFO  | 2021-06-10 07:57:44 | [main] driver.BankApp (BankApp.java:23) - Program Started
INFO  | 2021-06-10 07:57:58 | [main] driver.BankApp (BankApp.java:23) - Program Started
INFO  | 2021-06-10 07:58:01 | [main] services.TransactionServiceImpl (TransactionServiceImpl.java:15) - Transaction added to database
INFO  | 2021-06-10 07:58:01 | [main] driver.BankApp (BankApp.java:37) - User logged in
INFO  | 2021-06-10 07:58:45 | [main] driver.BankApp (BankApp.java:23) - Program Started
INFO  | 2021-06-10 07:58:50 | [main] services.TransactionServiceImpl (TransactionServiceImpl.java:15) - Transaction added to database
INFO  | 2021-06-10 07:58:50 | [main] driver.BankApp (BankApp.java:37) - User logged in
INFO  | 2021-06-10 07:59:51 | [main] driver.BankApp (BankApp.java:23) - Program Started
INFO  | 2021-06-10 07:59:57 | [main] services.TransactionServiceImpl (TransactionServiceImpl.java:15) - Transaction added to database
INFO  | 2021-06-10 07:59:57 | [main] driver.BankApp (BankApp.java:37) - User logged in
INFO  | 2021-06-10 08:00:57 | [main] driver.BankApp (BankApp.java:23) - Program Started
INFO  | 2021-06-10 08:01:05 | [main] services.TransactionServiceImpl (TransactionServiceImpl.java:15) - Transaction added to database
INFO  | 2021-06-10 08:01:05 | [main] driver.BankApp (BankApp.java:37) - User logged in
INFO  | 2021-06-10 09:15:27 | [main] driver.BankApp (BankApp.java:23) - Program Started
INFO  | 2021-06-10 09:15:41 | [main] services.TransactionServiceImpl (TransactionServiceImpl.java:15) - Transaction added to database
INFO  | 2021-06-10 09:15:41 | [main] services.UserServicesImpl (UserServicesImpl.java:64) - User registered for new account
INFO  | 2021-06-10 09:15:57 | [main] services.TransactionServiceImpl (TransactionServiceImpl.java:15) - Transaction added to database
INFO  | 2021-06-10 09:15:57 | [main] driver.BankApp (BankApp.java:37) - User logged in
INFO  | 2021-06-10 09:16:10 | [main] services.TransactionServiceImpl (TransactionServiceImpl.java:15) - Transaction added to database
INFO  | 2021-06-10 09:21:24 | [main] driver.BankApp (BankApp.java:23) - Program Started
INFO  | 2021-06-10 09:29:25 | [main] driver.BankApp (BankApp.java:23) - Program Started
INFO  | 2021-06-10 09:29:40 | [main] driver.BankApp (BankApp.java:23) - Program Started
INFO  | 2021-06-10 09:35:06 | [main] driver.BankApp (BankApp.java:23) - Program Started
INFO  | 2021-06-10 09:45:52 | [main] driver.BankApp (BankApp.java:23) - Program Started
INFO  | 2021-06-10 09:50:58 | [main] driver.BankApp (BankApp.java:23) - Program Started
INFO  | 2021-06-10 09:51:36 | [main] driver.BankApp (BankApp.java:23) - Program Started
INFO  | 2021-06-10 09:52:44 | [main] services.TransactionServiceImpl (TransactionServiceImpl.java:15) - Transaction added to database
INFO  | 2021-06-10 09:52:44 | [main] driver.BankApp (BankApp.java:37) - User logged in
INFO  | 2021-06-10 09:52:46 | [main] services.TransactionServiceImpl (TransactionServiceImpl.java:15) - Transaction added to database
INFO  | 2021-06-10 09:55:34 | [main] driver.BankApp (BankApp.java:23) - Program Started
INFO  | 2021-06-10 09:55:44 | [main] driver.BankApp (BankApp.java:23) - Program Started
INFO  | 2021-06-10 09:55:52 | [main] services.TransactionServiceImpl (TransactionServiceImpl.java:15) - Transaction added to database
INFO  | 2021-06-10 09:55:52 | [main] driver.BankApp (BankApp.java:37) - User logged in
INFO  | 2021-06-10 09:56:39 | [main] driver.BankApp (BankApp.java:23) - Program Started
INFO  | 2021-06-10 09:56:45 | [main] services.TransactionServiceImpl (TransactionServiceImpl.java:15) - Transaction added to database
INFO  | 2021-06-10 09:56:45 | [main] driver.BankApp (BankApp.java:37) - User logged in
INFO  | 2021-06-10 09:58:27 | [main] driver.BankApp (BankApp.java:23) - Program Started
INFO  | 2021-06-10 09:58:32 | [main] services.TransactionServiceImpl (TransactionServiceImpl.java:15) - Transaction added to database
INFO  | 2021-06-10 09:58:32 | [main] driver.BankApp (BankApp.java:37) - User logged in
INFO  | 2021-06-10 09:58:54 | [main] services.TransactionServiceImpl (TransactionServiceImpl.java:15) - Transaction added to database
INFO  | 2021-06-10 09:58:54 | [main] services.TransactionServiceImpl (TransactionServiceImpl.java:15) - Transaction added to database
INFO  | 2021-06-10 09:58:54 | [main] services.TransactionServiceImpl (TransactionServiceImpl.java:15) - Transaction added to database
INFO  | 2021-06-10 09:59:23 | [main] driver.BankApp (BankApp.java:23) - Program Started
INFO  | 2021-06-10 09:59:29 | [main] services.TransactionServiceImpl (TransactionServiceImpl.java:15) - Transaction added to database
INFO  | 2021-06-10 09:59:29 | [main] driver.BankApp (BankApp.java:37) - User logged in
INFO  | 2021-06-10 09:59:42 | [main] services.TransactionServiceImpl (TransactionServiceImpl.java:15) - Transaction added to database
INFO  | 2021-06-10 09:59:42 | [main] services.TransactionServiceImpl (TransactionServiceImpl.java:15) - Transaction added to database
INFO  | 2021-06-10 09:59:43 | [main] services.TransactionServiceImpl (TransactionServiceImpl.java:15) - Transaction added to database
INFO  | 2021-06-10 10:00:11 | [main] driver.BankApp (BankApp.java:23) - Program Started
INFO  | 2021-06-10 10:00:34 | [main] driver.BankApp (BankApp.java:23) - Program Started
INFO  | 2021-06-10 10:08:27 | [main] driver.BankApp (BankApp.java:23) - Program Started
INFO  | 2021-06-10 10:09:43 | [main] driver.BankApp (BankApp.java:23) - Program Started
INFO  | 2021-06-10 10:17:57 | [main] driver.BankApp (BankApp.java:23) - Program Started
INFO  | 2021-06-10 10:18:28 | [main] driver.BankApp (BankApp.java:23) - Program Started
INFO  | 2021-06-10 10:18:53 | [main] driver.BankApp (BankApp.java:23) - Program Started
INFO  | 2021-06-10 10:19:21 | [main] driver.BankApp (BankApp.java:23) - Program Started
INFO  | 2021-06-10 10:19:54 | [main] driver.BankApp (BankApp.java:23) - Program Started
INFO  | 2021-06-10 10:32:35 | [main] driver.BankApp (BankApp.java:23) - Program Started
INFO  | 2021-06-10 10:33:31 | [main] driver.BankApp (BankApp.java:23) - Program Started
INFO  | 2021-06-10 10:34:05 | [main] driver.BankApp (BankApp.java:23) - Program Started
INFO  | 2021-06-10 10:35:03 | [main] services.TransactionServiceImpl (TransactionServiceImpl.java:15) - Transaction added to database
INFO  | 2021-06-10 10:35:03 | [main] services.UserServicesImpl (UserServicesImpl.java:71) - User registered for new account
INFO  | 2021-06-10 10:35:20 | [main] services.TransactionServiceImpl (TransactionServiceImpl.java:15) - Transaction added to database
INFO  | 2021-06-10 10:35:20 | [main] driver.BankApp (BankApp.java:37) - User logged in
INFO  | 2021-06-10 10:40:29 | [main] driver.BankApp (BankApp.java:23) - Program Started
INFO  | 2021-06-10 10:40:39 | [main] services.TransactionServiceImpl (TransactionServiceImpl.java:15) - Transaction added to database
INFO  | 2021-06-10 10:40:39 | [main] driver.BankApp (BankApp.java:37) - User logged in
INFO  | 2021-06-10 10:41:36 | [main] services.TransactionServiceImpl (TransactionServiceImpl.java:15) - Transaction added to database
INFO  | 2021-06-10 10:42:28 | [main] driver.BankApp (BankApp.java:23) - Program Started
INFO  | 2021-06-10 10:42:34 | [main] services.TransactionServiceImpl (TransactionServiceImpl.java:15) - Transaction added to database
INFO  | 2021-06-10 10:42:34 | [main] driver.BankApp (BankApp.java:37) - User logged in
INFO  | 2021-06-10 10:42:37 | [main] services.TransactionServiceImpl (TransactionServiceImpl.java:15) - Transaction added to database
INFO  | 2021-06-10 10:43:21 | [main] driver.BankApp (BankApp.java:23) - Program Started
INFO  | 2021-06-10 10:43:26 | [main] services.TransactionServiceImpl (TransactionServiceImpl.java:15) - Transaction added to database
INFO  | 2021-06-10 10:43:26 | [main] driver.BankApp (BankApp.java:37) - User logged in
INFO  | 2021-06-10 10:44:26 | [main] driver.BankApp (BankApp.java:23) - Program Started
INFO  | 2021-06-10 10:44:32 | [main] services.TransactionServiceImpl (TransactionServiceImpl.java:15) - Transaction added to database
INFO  | 2021-06-10 10:44:32 | [main] driver.BankApp (BankApp.java:37) - User logged in
